====================================================== test session starts =======================================================
platform win32 -- Python 3.13.3, pytest-8.2.0, pluggy-1.6.0 -- C:\_cloud\_CFAB_3DHUB\.venv\Scripts\python.exe
cachedir: .pytest_cache
rootdir: C:\_cloud\_CFAB_3DHUB
plugins: pyfakefs-5.3.0, cov-6.1.1, mock-3.14.1
collecting ... collected 9 items

tests/unit/test_app_config_basic.py::TestAppConfigBasic::test_default_config PASSED                                         [ 11%]
tests/unit/test_app_config_basic.py::TestAppConfigBasic::test_save_and_load_config PASSED                                   [ 22%]
tests/unit/test_app_config_basic.py::TestAppConfigBasic::test_update_single_parameter PASSED                                [ 33%]
tests/unit/test_app_config_validation.py::TestAppConfigValidation::test_input_validation PASSED                             [ 44%]
tests/unit/test_app_config_validation.py::TestAppConfigValidation::test_supported_extensions PASSED                         [ 55%]
tests/unit/test_app_config_properties.py::TestAppConfigProperties::test_predefined_colors PASSED                            [ 66%]
tests/unit/test_app_config_properties.py::TestAppConfigProperties::test_thumbnail_size PASSED                               [ 77%]
tests/unit/test_app_config_error_handling.py::TestAppConfigErrorHandling::test_invalid_config_file PASSED                   [ 88%]
tests/unit/test_app_config_error_handling.py::TestAppConfigErrorHandling::test_save_error_handling PASSED                   [100%]

======================================================= 9 passed in 0.08s ========================================================
